2025-07-18 18:36:12 [main] INFO  c.p.t.TourPictureApplication - Starting TourPictureApplication using Java 17.0.13 with PID 17344 (C:\Users\limsm\study\springboot\tourPicture\build\classes\java\main started by limsm in C:\Users\limsm\study\springboot\tourPicture)
2025-07-18 18:36:12 [main] INFO  c.p.t.TourPictureApplication - No active profile set, falling back to 1 default profile: "default"
2025-07-18 18:36:37 [main] INFO  c.p.t.TourPictureApplication - Starting TourPictureApplication using Java 17.0.13 with PID 6968 (C:\Users\limsm\study\springboot\tourPicture\build\classes\java\main started by limsm in C:\Users\limsm\study\springboot\tourPicture)
2025-07-18 18:36:37 [main] INFO  c.p.t.TourPictureApplication - No active profile set, falling back to 1 default profile: "default"
2025-07-18 18:36:42 [main] INFO  c.p.t.TourPictureApplication - Started TourPictureApplication in 4.721 seconds (process running for 5.316)
2025-07-18 18:44:22 [main] INFO  c.p.t.TourPictureApplication - Starting TourPictureApplication using Java 17.0.13 with PID 15416 (C:\Users\limsm\study\springboot\tourPicture\build\classes\java\main started by limsm in C:\Users\limsm\study\springboot\tourPicture)
2025-07-18 18:44:22 [main] INFO  c.p.t.TourPictureApplication - No active profile set, falling back to 1 default profile: "default"
2025-07-18 18:44:27 [main] INFO  c.p.t.TourPictureApplication - Started TourPictureApplication in 4.875 seconds (process running for 5.731)
2025-07-18 18:47:02 [main] INFO  c.p.t.TourPictureApplication - Starting TourPictureApplication using Java 17.0.13 with PID 16696 (C:\Users\limsm\study\springboot\tourPicture\build\classes\java\main started by limsm in C:\Users\limsm\study\springboot\tourPicture)
2025-07-18 18:47:02 [main] INFO  c.p.t.TourPictureApplication - No active profile set, falling back to 1 default profile: "default"
2025-07-18 18:47:06 [main] INFO  c.p.t.TourPictureApplication - Started TourPictureApplication in 4.366 seconds (process running for 4.982)
2025-07-18 18:49:25 [main] INFO  c.p.t.TourPictureApplication - Starting TourPictureApplication using Java 17.0.13 with PID 8188 (C:\Users\limsm\study\springboot\tourPicture\build\classes\java\main started by limsm in C:\Users\limsm\study\springboot\tourPicture)
2025-07-18 18:49:25 [main] INFO  c.p.t.TourPictureApplication - No active profile set, falling back to 1 default profile: "default"
2025-07-18 18:49:29 [main] INFO  c.p.t.TourPictureApplication - Started TourPictureApplication in 4.783 seconds (process running for 5.348)
2025-07-18 18:52:39 [main] INFO  c.p.t.TourPictureApplication - Starting TourPictureApplication using Java 17.0.13 with PID 4616 (C:\Users\limsm\study\springboot\tourPicture\build\classes\java\main started by limsm in C:\Users\limsm\study\springboot\tourPicture)
2025-07-18 18:52:39 [main] INFO  c.p.t.TourPictureApplication - No active profile set, falling back to 1 default profile: "default"
2025-07-18 18:52:43 [main] INFO  c.p.t.TourPictureApplication - Started TourPictureApplication in 4.294 seconds (process running for 4.866)
2025-07-18 18:54:38 [main] INFO  c.p.t.TourPictureApplication - Starting TourPictureApplication using Java 17.0.13 with PID 8892 (C:\Users\limsm\study\springboot\tourPicture\build\classes\java\main started by limsm in C:\Users\limsm\study\springboot\tourPicture)
2025-07-18 18:54:38 [main] INFO  c.p.t.TourPictureApplication - No active profile set, falling back to 1 default profile: "default"
2025-07-18 18:54:42 [main] INFO  c.p.t.TourPictureApplication - Started TourPictureApplication in 4.323 seconds (process running for 4.866)
2025-07-18 18:59:24 [main] INFO  c.p.t.TourPictureApplication - Starting TourPictureApplication using Java 17.0.13 with PID 5976 (C:\Users\limsm\study\springboot\tourPicture\build\classes\java\main started by limsm in C:\Users\limsm\study\springboot\tourPicture)
2025-07-18 18:59:24 [main] INFO  c.p.t.TourPictureApplication - No active profile set, falling back to 1 default profile: "default"
2025-07-18 18:59:28 [main] INFO  c.p.t.TourPictureApplication - Started TourPictureApplication in 5.134 seconds (process running for 5.701)
2025-07-18 19:15:57 [main] INFO  c.p.t.TourPictureApplication - Starting TourPictureApplication using Java 17.0.13 with PID 3272 (C:\Users\limsm\study\springboot\tourPicture\build\classes\java\main started by limsm in C:\Users\limsm\study\springboot\tourPicture)
2025-07-18 19:15:57 [main] INFO  c.p.t.TourPictureApplication - No active profile set, falling back to 1 default profile: "default"
2025-07-18 19:16:01 [main] INFO  c.p.t.TourPictureApplication - Started TourPictureApplication in 4.417 seconds (process running for 5.064)
2025-07-18 19:19:33 [main] INFO  c.p.t.TourPictureApplication - Starting TourPictureApplication using Java 17.0.13 with PID 15384 (C:\Users\limsm\study\springboot\tourPicture\build\classes\java\main started by limsm in C:\Users\limsm\study\springboot\tourPicture)
2025-07-18 19:19:33 [main] INFO  c.p.t.TourPictureApplication - No active profile set, falling back to 1 default profile: "default"
2025-07-18 19:19:39 [main] INFO  c.p.t.TourPictureApplication - Started TourPictureApplication in 6.342 seconds (process running for 6.917)
2025-07-18 19:27:32 [main] INFO  c.p.t.TourPictureApplication - Starting TourPictureApplication using Java 17.0.13 with PID 3968 (C:\Users\limsm\study\springboot\tourPicture\build\classes\java\main started by limsm in C:\Users\limsm\study\springboot\tourPicture)
2025-07-18 19:27:32 [main] INFO  c.p.t.TourPictureApplication - No active profile set, falling back to 1 default profile: "default"
2025-07-18 19:27:37 [main] INFO  c.p.t.TourPictureApplication - Started TourPictureApplication in 5.611 seconds (process running for 6.314)
2025-07-18 19:29:11 [main] INFO  c.p.t.TourPictureApplication - Starting TourPictureApplication using Java 17.0.13 with PID 17336 (C:\Users\limsm\study\springboot\tourPicture\build\classes\java\main started by limsm in C:\Users\limsm\study\springboot\tourPicture)
2025-07-18 19:29:11 [main] INFO  c.p.t.TourPictureApplication - No active profile set, falling back to 1 default profile: "default"
2025-07-18 19:29:16 [main] INFO  c.p.t.TourPictureApplication - Started TourPictureApplication in 5.338 seconds (process running for 5.979)
2025-07-18 19:31:45 [main] INFO  c.p.t.TourPictureApplication - Starting TourPictureApplication using Java 17.0.13 with PID 13868 (C:\Users\limsm\study\springboot\tourPicture\build\classes\java\main started by limsm in C:\Users\limsm\study\springboot\tourPicture)
2025-07-18 19:31:45 [main] INFO  c.p.t.TourPictureApplication - No active profile set, falling back to 1 default profile: "default"
2025-07-18 19:31:50 [main] INFO  c.p.t.TourPictureApplication - Started TourPictureApplication in 5.41 seconds (process running for 6.052)
2025-07-18 19:36:51 [main] INFO  c.p.t.TourPictureApplication - Starting TourPictureApplication using Java 17.0.13 with PID 8348 (C:\Users\limsm\study\springboot\tourPicture\build\classes\java\main started by limsm in C:\Users\limsm\study\springboot\tourPicture)
2025-07-18 19:36:51 [main] INFO  c.p.t.TourPictureApplication - No active profile set, falling back to 1 default profile: "default"
2025-07-18 19:36:56 [main] INFO  c.p.t.TourPictureApplication - Started TourPictureApplication in 5.72 seconds (process running for 6.498)
2025-07-18 19:38:08 [main] INFO  c.p.t.TourPictureApplication - Starting TourPictureApplication using Java 17.0.13 with PID 13416 (C:\Users\limsm\study\springboot\tourPicture\build\classes\java\main started by limsm in C:\Users\limsm\study\springboot\tourPicture)
2025-07-18 19:38:08 [main] INFO  c.p.t.TourPictureApplication - No active profile set, falling back to 1 default profile: "default"
2025-07-18 19:38:13 [main] INFO  c.p.t.TourPictureApplication - Started TourPictureApplication in 5.823 seconds (process running for 6.519)
2025-07-18 19:39:27 [main] INFO  c.p.t.TourPictureApplication - Starting TourPictureApplication using Java 17.0.13 with PID 10288 (C:\Users\limsm\study\springboot\tourPicture\build\classes\java\main started by limsm in C:\Users\limsm\study\springboot\tourPicture)
2025-07-18 19:39:27 [main] INFO  c.p.t.TourPictureApplication - No active profile set, falling back to 1 default profile: "default"
2025-07-18 19:39:32 [main] INFO  c.p.t.TourPictureApplication - Started TourPictureApplication in 6.114 seconds (process running for 6.821)
2025-07-18 19:40:28 [main] INFO  c.p.t.TourPictureApplication - Starting TourPictureApplication using Java 17.0.13 with PID 14948 (C:\Users\limsm\study\springboot\tourPicture\build\classes\java\main started by limsm in C:\Users\limsm\study\springboot\tourPicture)
2025-07-18 19:40:28 [main] INFO  c.p.t.TourPictureApplication - No active profile set, falling back to 1 default profile: "default"
2025-07-18 19:40:33 [main] INFO  c.p.t.TourPictureApplication - Started TourPictureApplication in 5.68 seconds (process running for 6.371)
2025-07-18 19:44:03 [main] INFO  c.p.t.TourPictureApplication - Starting TourPictureApplication using Java 17.0.13 with PID 8444 (C:\Users\limsm\study\springboot\tourPicture\build\classes\java\main started by limsm in C:\Users\limsm\study\springboot\tourPicture)
2025-07-18 19:44:03 [main] INFO  c.p.t.TourPictureApplication - No active profile set, falling back to 1 default profile: "default"
2025-07-18 19:44:07 [main] INFO  c.p.t.TourPictureApplication - Started TourPictureApplication in 4.409 seconds (process running for 4.968)
2025-07-18 19:45:49 [main] INFO  c.p.t.TourPictureApplication - Starting TourPictureApplication using Java 17.0.13 with PID 12396 (C:\Users\limsm\study\springboot\tourPicture\build\classes\java\main started by limsm in C:\Users\limsm\study\springboot\tourPicture)
2025-07-18 19:45:49 [main] INFO  c.p.t.TourPictureApplication - No active profile set, falling back to 1 default profile: "default"
2025-07-18 19:45:53 [main] INFO  c.p.t.TourPictureApplication - Started TourPictureApplication in 4.582 seconds (process running for 5.184)
2025-07-18 19:46:24 [main] INFO  c.p.t.TourPictureApplication - Starting TourPictureApplication using Java 17.0.13 with PID 9940 (C:\Users\limsm\study\springboot\tourPicture\build\classes\java\main started by limsm in C:\Users\limsm\study\springboot\tourPicture)
2025-07-18 19:46:24 [main] INFO  c.p.t.TourPictureApplication - No active profile set, falling back to 1 default profile: "default"
2025-07-18 19:46:28 [main] INFO  c.p.t.TourPictureApplication - Started TourPictureApplication in 4.51 seconds (process running for 5.116)
2025-07-18 19:58:53 [main] INFO  c.p.t.TourPictureApplication - Starting TourPictureApplication using Java 17.0.13 with PID 13252 (C:\Users\limsm\study\springboot\tourPicture\build\classes\java\main started by limsm in C:\Users\limsm\study\springboot\tourPicture)
2025-07-18 19:58:53 [main] INFO  c.p.t.TourPictureApplication - No active profile set, falling back to 1 default profile: "default"
2025-07-18 19:58:57 [main] INFO  c.p.t.TourPictureApplication - Started TourPictureApplication in 4.6 seconds (process running for 5.176)
2025-07-18 20:00:02 [http-nio-8080-exec-3] INFO  c.p.t.c.CentralTouristController - GET /api/tourism-focus 요청: areaCd=11, signguCd=11110
2025-07-18 20:00:02 [http-nio-8080-exec-3] INFO  c.p.t.service.CentralTouristService - 중심 관광지 API 응답 헤더: resultCode=0000, resultMsg=OK
2025-07-18 20:00:02 [http-nio-8080-exec-3] INFO  c.p.t.c.CentralTouristController - 중심 관광지 10건 반환
